# JRE version: OpenJDK Runtime Environment (21.0.6) (build 21.0.6+-13368085-b895.109)
# Java VM: OpenJDK 64-Bit Server VM (21.0.6+-13368085-b895.109, mixed mode, tiered, compressed oops, compressed class ptrs, g1 gc, windows-amd64)
GC Precious Log:
 CardTable entry size: 512
 Card Set container configuration: InlinePtr #cards 5 size 8 Array Of Cards #cards 12 size 40 Howl #buckets 4 coarsen threshold 1843 Howl Bitmap #cards 512 size 80 coarsen threshold 460 Card regions per heap region 1 cards per card region 2048
 CPUs: 4 total, 4 available
 Memory: 7934M
 Large Page Support: Disabled
 NUMA Support: Disabled
 Compressed Oops: Enabled (32-bit)
 Heap Region Size: 1M
 Heap Min Capacity: 8M
 Heap Initial Capacity: 124M
 Heap Max Capacity: 1984M
 Pre-touch: Disabled
 Parallel Workers: 4
 Concurrent Workers: 1
 Concurrent Refinement Workers: 4
 Periodic GC: Disabled
Heap:
 garbage-first heap   total 143360K, used 124997K [0x0000000084000000, 0x0000000100000000)
  region size 1024K, 47 young (48128K), 6 survivors (6144K)
 Metaspace       used 63941K, committed 64832K, reserved 1114112K
  class space    used 7060K, committed 7488K, reserved 1048576K
GC Heap History (20 events):
Event: 2.788 GC heap before
{Heap before GC invocations=11 (full 0):
 garbage-first heap   total 71680K, used 55611K [0x0000000084000000, 0x0000000100000000)
  region size 1024K, 26 young (26624K), 4 survivors (4096K)
 Metaspace       used 31759K, committed 32000K, reserved 1114112K
  class space    used 3884K, committed 3968K, reserved 1048576K
}
Event: 2.800 GC heap after
{Heap after GC invocations=12 (full 0):
 garbage-first heap   total 71680K, used 38115K [0x0000000084000000, 0x0000000100000000)
  region size 1024K, 3 young (3072K), 3 survivors (3072K)
 Metaspace       used 31759K, committed 32000K, reserved 1114112K
  class space    used 3884K, committed 3968K, reserved 1048576K
}
Event: 3.222 GC heap before
{Heap before GC invocations=13 (full 0):
 garbage-first heap   total 71680K, used 60643K [0x0000000084000000, 0x0000000100000000)
  region size 1024K, 22 young (22528K), 3 survivors (3072K)
 Metaspace       used 35321K, committed 35648K, reserved 1114112K
  class space    used 4250K, committed 4416K, reserved 1048576K
}
Event: 3.228 GC heap after
{Heap after GC invocations=14 (full 0):
 garbage-first heap   total 71680K, used 45056K [0x0000000084000000, 0x0000000100000000)
  region size 1024K, 3 young (3072K), 3 survivors (3072K)
 Metaspace       used 35321K, committed 35648K, reserved 1114112K
  class space    used 4250K, committed 4416K, reserved 1048576K
}
Event: 3.491 GC heap before
{Heap before GC invocations=14 (full 0):
 garbage-first heap   total 71680K, used 60416K [0x0000000084000000, 0x0000000100000000)
  region size 1024K, 19 young (19456K), 3 survivors (3072K)
 Metaspace       used 38675K, committed 39168K, reserved 1114112K
  class space    used 4567K, committed 4800K, reserved 1048576K
}
Event: 3.496 GC heap after
{Heap after GC invocations=15 (full 0):
 garbage-first heap   total 71680K, used 46359K [0x0000000084000000, 0x0000000100000000)
  region size 1024K, 2 young (2048K), 2 survivors (2048K)
 Metaspace       used 38675K, committed 39168K, reserved 1114112K
  class space    used 4567K, committed 4800K, reserved 1048576K
}
Event: 3.738 GC heap before
{Heap before GC invocations=15 (full 0):
 garbage-first heap   total 71680K, used 61719K [0x0000000084000000, 0x0000000100000000)
  region size 1024K, 17 young (17408K), 2 survivors (2048K)
 Metaspace       used 40642K, committed 41408K, reserved 1114112K
  class space    used 4872K, committed 5248K, reserved 1048576K
}
Event: 3.743 GC heap after
{Heap after GC invocations=16 (full 0):
 garbage-first heap   total 143360K, used 47102K [0x0000000084000000, 0x0000000100000000)
  region size 1024K, 3 young (3072K), 3 survivors (3072K)
 Metaspace       used 40642K, committed 41408K, reserved 1114112K
  class space    used 4872K, committed 5248K, reserved 1048576K
}
Event: 5.074 GC heap before
{Heap before GC invocations=17 (full 0):
 garbage-first heap   total 143360K, used 105470K [0x0000000084000000, 0x0000000100000000)
  region size 1024K, 60 young (61440K), 3 survivors (3072K)
 Metaspace       used 47279K, committed 48000K, reserved 1114112K
  class space    used 5603K, committed 5952K, reserved 1048576K
}
Event: 5.083 GC heap after
{Heap after GC invocations=18 (full 0):
 garbage-first heap   total 143360K, used 51548K [0x0000000084000000, 0x0000000100000000)
  region size 1024K, 7 young (7168K), 7 survivors (7168K)
 Metaspace       used 47279K, committed 48000K, reserved 1114112K
  class space    used 5603K, committed 5952K, reserved 1048576K
}
Event: 7.296 GC heap before
{Heap before GC invocations=18 (full 0):
 garbage-first heap   total 143360K, used 115036K [0x0000000084000000, 0x0000000100000000)
  region size 1024K, 69 young (70656K), 7 survivors (7168K)
 Metaspace       used 56678K, committed 57472K, reserved 1114112K
  class space    used 6554K, committed 6976K, reserved 1048576K
}
Event: 7.311 GC heap after
{Heap after GC invocations=19 (full 0):
 garbage-first heap   total 143360K, used 59890K [0x0000000084000000, 0x0000000100000000)
  region size 1024K, 9 young (9216K), 9 survivors (9216K)
 Metaspace       used 56678K, committed 57472K, reserved 1114112K
  class space    used 6554K, committed 6976K, reserved 1048576K
}
Event: 9.812 GC heap before
{Heap before GC invocations=19 (full 0):
 garbage-first heap   total 143360K, used 117234K [0x0000000084000000, 0x0000000100000000)
  region size 1024K, 65 young (66560K), 9 survivors (9216K)
 Metaspace       used 61555K, committed 62400K, reserved 1114112K
  class space    used 6938K, committed 7360K, reserved 1048576K
}
Event: 9.831 GC heap after
{Heap after GC invocations=20 (full 0):
 garbage-first heap   total 143360K, used 67584K [0x0000000084000000, 0x0000000100000000)
  region size 1024K, 7 young (7168K), 7 survivors (7168K)
 Metaspace       used 61555K, committed 62400K, reserved 1114112K
  class space    used 6938K, committed 7360K, reserved 1048576K
}
Event: 10.502 GC heap before
{Heap before GC invocations=20 (full 0):
 garbage-first heap   total 143360K, used 84992K [0x0000000084000000, 0x0000000100000000)
  region size 1024K, 25 young (25600K), 7 survivors (7168K)
 Metaspace       used 61919K, committed 62720K, reserved 1114112K
  class space    used 6962K, committed 7360K, reserved 1048576K
}
Event: 10.512 GC heap after
{Heap after GC invocations=21 (full 0):
 garbage-first heap   total 143360K, used 70511K [0x0000000084000000, 0x0000000100000000)
  region size 1024K, 3 young (3072K), 3 survivors (3072K)
 Metaspace       used 61919K, committed 62720K, reserved 1114112K
  class space    used 6962K, committed 7360K, reserved 1048576K
}
Event: 12.969 GC heap before
{Heap before GC invocations=22 (full 0):
 garbage-first heap   total 143360K, used 122735K [0x0000000084000000, 0x0000000100000000)
  region size 1024K, 53 young (54272K), 3 survivors (3072K)
 Metaspace       used 62757K, committed 63616K, reserved 1114112K
  class space    used 6981K, committed 7424K, reserved 1048576K
}
Event: 12.980 GC heap after
{Heap after GC invocations=23 (full 0):
 garbage-first heap   total 143360K, used 76652K [0x0000000084000000, 0x0000000100000000)
  region size 1024K, 7 young (7168K), 7 survivors (7168K)
 Metaspace       used 62757K, committed 63616K, reserved 1114112K
  class space    used 6981K, committed 7424K, reserved 1048576K
}
Event: 15.588 GC heap before
{Heap before GC invocations=23 (full 0):
 garbage-first heap   total 143360K, used 126828K [0x0000000084000000, 0x0000000100000000)
  region size 1024K, 54 young (55296K), 7 survivors (7168K)
 Metaspace       used 63400K, committed 64256K, reserved 1114112K
  class space    used 7014K, committed 7424K, reserved 1048576K
}
Event: 15.604 GC heap after
{Heap after GC invocations=24 (full 0):
 garbage-first heap   total 143360K, used 84037K [0x0000000084000000, 0x0000000100000000)
  region size 1024K, 6 young (6144K), 6 survivors (6144K)
 Metaspace       used 63400K, committed 64256K, reserved 1114112K
  class space    used 7014K, committed 7424K, reserved 1048576K
}

