# JRE version: OpenJDK Runtime Environment (21.0.6) (build 21.0.6+-13368085-b895.109)
# Java VM: OpenJDK 64-Bit Server VM (21.0.6+-13368085-b895.109, mixed mode, tiered, compressed oops, compressed class ptrs, g1 gc, windows-amd64)
GC Precious Log:
 CardTable entry size: 512
 Card Set container configuration: InlinePtr #cards 5 size 8 Array Of Cards #cards 12 size 40 Howl #buckets 4 coarsen threshold 1843 Howl Bitmap #cards 512 size 80 coarsen threshold 460 Card regions per heap region 1 cards per card region 2048
 CPUs: 4 total, 4 available
 Memory: 7934M
 Large Page Support: Disabled
 NUMA Support: Disabled
 Compressed Oops: Enabled (32-bit)
 Heap Region Size: 1M
 Heap Min Capacity: 8M
 Heap Initial Capacity: 124M
 Heap Max Capacity: 1984M
 Pre-touch: Disabled
 Parallel Workers: 4
 Concurrent Workers: 1
 Concurrent Refinement Workers: 4
 Periodic GC: Disabled
Heap:
 garbage-first heap   total 95232K, used 80057K [0x0000000084000000, 0x0000000100000000)
  region size 1024K, 34 young (34816K), 4 survivors (4096K)
 Metaspace       used 51066K, committed 51840K, reserved 1114112K
  class space    used 6048K, committed 6400K, reserved 1048576K
GC Heap History (20 events):
Event: 1.465 GC heap before
{Heap before GC invocations=5 (full 0):
 garbage-first heap   total 34816K, used 26547K [0x0000000084000000, 0x0000000100000000)
  region size 1024K, 13 young (13312K), 4 survivors (4096K)
 Metaspace       used 25746K, committed 26112K, reserved 1114112K
  class space    used 3057K, committed 3200K, reserved 1048576K
}
Event: 1.472 GC heap after
{Heap after GC invocations=6 (full 0):
 garbage-first heap   total 34816K, used 19620K [0x0000000084000000, 0x0000000100000000)
  region size 1024K, 2 young (2048K), 2 survivors (2048K)
 Metaspace       used 25746K, committed 26112K, reserved 1114112K
  class space    used 3057K, committed 3200K, reserved 1048576K
}
Event: 1.513 GC heap before
{Heap before GC invocations=6 (full 0):
 garbage-first heap   total 34816K, used 28836K [0x0000000084000000, 0x0000000100000000)
  region size 1024K, 11 young (11264K), 2 survivors (2048K)
 Metaspace       used 25746K, committed 26112K, reserved 1114112K
  class space    used 3057K, committed 3200K, reserved 1048576K
}
Event: 1.519 GC heap after
{Heap after GC invocations=7 (full 0):
 garbage-first heap   total 53248K, used 21947K [0x0000000084000000, 0x0000000100000000)
  region size 1024K, 2 young (2048K), 2 survivors (2048K)
 Metaspace       used 25746K, committed 26112K, reserved 1114112K
  class space    used 3057K, committed 3200K, reserved 1048576K
}
Event: 1.702 GC heap before
{Heap before GC invocations=8 (full 0):
 garbage-first heap   total 53248K, used 42427K [0x0000000084000000, 0x0000000100000000)
  region size 1024K, 22 young (22528K), 2 survivors (2048K)
 Metaspace       used 25886K, committed 26240K, reserved 1114112K
  class space    used 3062K, committed 3200K, reserved 1048576K
}
Event: 1.720 GC heap after
{Heap after GC invocations=9 (full 0):
 garbage-first heap   total 55296K, used 25426K [0x0000000084000000, 0x0000000100000000)
  region size 1024K, 3 young (3072K), 3 survivors (3072K)
 Metaspace       used 25886K, committed 26240K, reserved 1114112K
  class space    used 3062K, committed 3200K, reserved 1048576K
}
Event: 1.829 GC heap before
{Heap before GC invocations=9 (full 0):
 garbage-first heap   total 55296K, used 44882K [0x0000000084000000, 0x0000000100000000)
  region size 1024K, 19 young (19456K), 3 survivors (3072K)
 Metaspace       used 26283K, committed 26624K, reserved 1114112K
  class space    used 3105K, committed 3264K, reserved 1048576K
}
Event: 1.839 GC heap after
{Heap after GC invocations=10 (full 0):
 garbage-first heap   total 55296K, used 28160K [0x0000000084000000, 0x0000000100000000)
  region size 1024K, 3 young (3072K), 3 survivors (3072K)
 Metaspace       used 26283K, committed 26624K, reserved 1114112K
  class space    used 3105K, committed 3264K, reserved 1048576K
}
Event: 2.123 GC heap before
{Heap before GC invocations=10 (full 0):
 garbage-first heap   total 55296K, used 41472K [0x0000000084000000, 0x0000000100000000)
  region size 1024K, 17 young (17408K), 3 survivors (3072K)
 Metaspace       used 30094K, committed 30336K, reserved 1114112K
  class space    used 3715K, committed 3840K, reserved 1048576K
}
Event: 2.129 GC heap after
{Heap after GC invocations=11 (full 0):
 garbage-first heap   total 55296K, used 29420K [0x0000000084000000, 0x0000000100000000)
  region size 1024K, 1 young (1024K), 1 survivors (1024K)
 Metaspace       used 30094K, committed 30336K, reserved 1114112K
  class space    used 3715K, committed 3840K, reserved 1048576K
}
Event: 2.486 GC heap before
{Heap before GC invocations=12 (full 0):
 garbage-first heap   total 55296K, used 53996K [0x0000000084000000, 0x0000000100000000)
  region size 1024K, 16 young (16384K), 1 survivors (1024K)
 Metaspace       used 32692K, committed 32896K, reserved 1114112K
  class space    used 3992K, committed 4096K, reserved 1048576K
}
Event: 2.490 GC heap after
{Heap after GC invocations=13 (full 0):
 garbage-first heap   total 59392K, used 43008K [0x0000000084000000, 0x0000000100000000)
  region size 1024K, 2 young (2048K), 2 survivors (2048K)
 Metaspace       used 32692K, committed 32896K, reserved 1114112K
  class space    used 3992K, committed 4096K, reserved 1048576K
}
Event: 2.651 GC heap before
{Heap before GC invocations=13 (full 0):
 garbage-first heap   total 59392K, used 51200K [0x0000000084000000, 0x0000000100000000)
  region size 1024K, 11 young (11264K), 2 survivors (2048K)
 Metaspace       used 34578K, committed 34880K, reserved 1114112K
  class space    used 4200K, committed 4352K, reserved 1048576K
}
Event: 2.655 GC heap after
{Heap after GC invocations=14 (full 0):
 garbage-first heap   total 59392K, used 43784K [0x0000000084000000, 0x0000000100000000)
  region size 1024K, 2 young (2048K), 2 survivors (2048K)
 Metaspace       used 34578K, committed 34880K, reserved 1114112K
  class space    used 4200K, committed 4352K, reserved 1048576K
}
Event: 2.777 GC heap before
{Heap before GC invocations=14 (full 0):
 garbage-first heap   total 59392K, used 50952K [0x0000000084000000, 0x0000000100000000)
  region size 1024K, 10 young (10240K), 2 survivors (2048K)
 Metaspace       used 36333K, committed 36672K, reserved 1114112K
  class space    used 4329K, committed 4480K, reserved 1048576K
}
Event: 2.781 GC heap after
{Heap after GC invocations=15 (full 0):
 garbage-first heap   total 95232K, used 44490K [0x0000000084000000, 0x0000000100000000)
  region size 1024K, 1 young (1024K), 1 survivors (1024K)
 Metaspace       used 36333K, committed 36672K, reserved 1114112K
  class space    used 4329K, committed 4480K, reserved 1048576K
}
Event: 3.614 GC heap before
{Heap before GC invocations=16 (full 0):
 garbage-first heap   total 95232K, used 78282K [0x0000000084000000, 0x0000000100000000)
  region size 1024K, 35 young (35840K), 1 survivors (1024K)
 Metaspace       used 42760K, committed 43520K, reserved 1114112K
  class space    used 5083K, committed 5440K, reserved 1048576K
}
Event: 3.622 GC heap after
{Heap after GC invocations=17 (full 0):
 garbage-first heap   total 95232K, used 47595K [0x0000000084000000, 0x0000000100000000)
  region size 1024K, 4 young (4096K), 4 survivors (4096K)
 Metaspace       used 42760K, committed 43520K, reserved 1114112K
  class space    used 5083K, committed 5440K, reserved 1048576K
}
Event: 4.282 GC heap before
{Heap before GC invocations=17 (full 0):
 garbage-first heap   total 95232K, used 82411K [0x0000000084000000, 0x0000000100000000)
  region size 1024K, 37 young (37888K), 4 survivors (4096K)
 Metaspace       used 47034K, committed 47808K, reserved 1114112K
  class space    used 5583K, committed 5952K, reserved 1048576K
}
Event: 4.295 GC heap after
{Heap after GC invocations=18 (full 0):
 garbage-first heap   total 95232K, used 50361K [0x0000000084000000, 0x0000000100000000)
  region size 1024K, 4 young (4096K), 4 survivors (4096K)
 Metaspace       used 47034K, committed 47808K, reserved 1114112K
  class space    used 5583K, committed 5952K, reserved 1048576K
}

